<?xml version="1.0" encoding="UTF-8"?>
<testsuite xmlns:xsi="http://www.w3.org/2001/XMLSchema-instance" xsi:noNamespaceSchemaLocation="https://maven.apache.org/surefire/maven-surefire-plugin/xsd/surefire-test-report.xsd" name="Smoke steps" time="74.007" tests="21" errors="1" skipped="0" failures="1">
  <properties>
[...]
</properties>
  <testcase name="Predefined steps for Google" classname="Smoke steps" time="15.06"/>
  <testcase name="Predefined steps for Google" classname="Smoke steps" time="3.597"/>
  <testcase name="Predefined steps for Google" classname="Smoke steps" time="2.548">
    <error message="element not interactable&#10;  (Session info: chrome=71.0.3578.98)&#10;  (Driver info: chromedriver=2.43.600229 (3fae4d0cda5334b4f533bede5a4787f7b832d052),platform=Mac OS X 10.14.1 x86_64) (WARNING: The server did not provide any stacktrace information)&#10;Command duration or timeout: 0 milliseconds&#10;Build info: version: &apos;3.14.0&apos;, revision: &apos;aacccce0&apos;, time: &apos;2018-08-02T20:19:58.91Z&apos;&#10;System info: host: &apos;Rolandos-MacBook-Pro.local&apos;, ip: &apos;fe80:0:0:0:18fd:a9a9:de0c:15b5%en0&apos;, os.name: &apos;Mac OS X&apos;, os.arch: &apos;x86_64&apos;, os.version: &apos;10.14.1&apos;, java.version: &apos;1.8.0_192&apos;&#10;Driver info: org.openqa.selenium.chrome.ChromeDriver&#10;Capabilities {acceptInsecureCerts: false, acceptSslCerts: false, applicationCacheEnabled: false, browserConnectionEnabled: false, browserName: chrome, chrome: {chromedriverVersion: 2.43.600229 (3fae4d0cda5334..., userDataDir: /var/folders/pn/xwlm4g2533q...}, cssSelectorsEnabled: true, databaseEnabled: false, goog:chromeOptions: {debuggerAddress: localhost:55713}, handlesAlerts: true, hasTouchScreen: false, javascriptEnabled: true, locationContextEnabled: true, mobileEmulationEnabled: false, nativeEvents: true, networkConnectionEnabled: false, pageLoadStrategy: normal, platform: MAC, platformName: MAC, rotatable: false, setWindowRect: true, takesHeapSnapshot: true, takesScreenshot: true, unexpectedAlertBehaviour: , unhandledPromptBehavior: , version: 71.0.3578.98, webStorageEnabled: true}&#10;Session ID: e2db4820757ace1e19292008cba11223" type="org.openqa.selenium.ElementNotVisibleException">org.openqa.selenium.ElementNotVisibleException: 
element not interactable
  (Session info: chrome=71.0.3578.98)
  (Driver info: chromedriver=2.43.600229 (3fae4d0cda5334b4f533bede5a4787f7b832d052),platform=Mac OS X 10.14.1 x86_64) (WARNING: The server did not provide any stacktrace information)
Command duration or timeout: 0 milliseconds
Build info: version: '3.14.0', revision: 'aacccce0', time: '2018-08-02T20:19:58.91Z'
System info: host: 'Rolandos-MacBook-Pro.local', ip: 'fe80:0:0:0:18fd:a9a9:de0c:15b5%en0', os.name: 'Mac OS X', os.arch: 'x86_64', os.version: '10.14.1', java.version: '1.8.0_192'
Driver info: org.openqa.selenium.chrome.ChromeDriver
Capabilities {acceptInsecureCerts: false, acceptSslCerts: false, applicationCacheEnabled: false, browserConnectionEnabled: false, browserName: chrome, chrome: {chromedriverVersion: 2.43.600229 (3fae4d0cda5334..., userDataDir: /var/folders/pn/xwlm4g2533q...}, cssSelectorsEnabled: true, databaseEnabled: false, goog:chromeOptions: {debuggerAddress: localhost:55713}, handlesAlerts: true, hasTouchScreen: false, javascriptEnabled: true, locationContextEnabled: true, mobileEmulationEnabled: false, nativeEvents: true, networkConnectionEnabled: false, pageLoadStrategy: normal, platform: MAC, platformName: MAC, rotatable: false, setWindowRect: true, takesHeapSnapshot: true, takesScreenshot: true, unexpectedAlertBehaviour: , unhandledPromptBehavior: , version: 71.0.3578.98, webStorageEnabled: true}
Session ID: e2db4820757ace1e19292008cba11223
</error>
    <system-out><![CDATA[
@predefined
Feature: Smoke steps

  @predefined @predefined1
  Scenario: Predefined steps for Google                                                    &amp#27;[90m# src/test/resources/features/predefined.feature:5&amp#27;[0m
    &amp#27;[32mGiven &amp#27;[0m&amp#27;[32mI open url "&amp#27;[0m&amp#27;[32m&amp#27;[1mhttps://google.com&amp#27;[0m&amp#27;[32m"&amp#27;[0m                                                  &amp#27;[90m# PredefinedStepDefs.iOpenUrl(String)&amp#27;[0m
    &amp#27;[32mThen &amp#27;[0m&amp#27;[32mI should see page title as "&amp#27;[0m&amp#27;[32m&amp#27;[1mGoogle&amp#27;[0m&amp#27;[32m"&amp#27;[0m                                               &amp#27;[90m# PredefinedStepDefs.iShouldSeePageTitleAs(String)&amp#27;[0m
    &amp#27;[32mThen &amp#27;[0m&amp#27;[32melement with xpath "&amp#27;[0m&amp#27;[32m&amp#27;[1m//input[@name='q']&amp#27;[0m&amp#27;[32m" should be present&amp#27;[0m                         &amp#27;[90m# PredefinedStepDefs.elementWithXpathShouldBePresent(String)&amp#27;[0m
    &amp#27;[32mWhen &amp#27;[0m&amp#27;[32mI type "&amp#27;[0m&amp#27;[32m&amp#27;[1mBehavior Driven Development&amp#27;[0m&amp#27;[32m" into element with xpath "&amp#27;[0m&amp#27;[32m&amp#27;[1m//input[@name='q']&amp#27;[0m&amp#27;[32m"&amp#27;[0m &amp#27;[90m# PredefinedStepDefs.iTypeIntoElementWithXpath(String,String)&amp#27;[0m
    &amp#27;[31mThen &amp#27;[0m&amp#27;[31mI click on element with xpath "&amp#27;[0m&amp#27;[31m&amp#27;[1m//*[@name='btnK']&amp#27;[0m&amp#27;[31m"&amp#27;[0m                                 &amp#27;[90m# PredefinedStepDefs.iClickOnElementWithXpath(String)&amp#27;[0m
      &amp#27;[31morg.openqa.selenium.ElementNotVisibleException: element not interactable
  (Session info: chrome=71.0.3578.98)
  (Driver info: chromedriver=2.43.600229 (3fae4d0cda5334b4f533bede5a4787f7b832d052),platform=Mac OS X 10.14.1 x86_64) (WARNING: The server did not provide any stacktrace information)
Command duration or timeout: 0 milliseconds
Build info: version: '3.14.0', revision: 'aacccce0', time: '2018-08-02T20:19:58.91Z'
System info: host: 'Rolandos-MacBook-Pro.local', ip: 'fe80:0:0:0:18fd:a9a9:de0c:15b5%en0', os.name: 'Mac OS X', os.arch: 'x86_64', os.version: '10.14.1', java.version: '1.8.0_192'
Driver info: org.openqa.selenium.chrome.ChromeDriver
Capabilities {acceptInsecureCerts: false, acceptSslCerts: false, applicationCacheEnabled: false, browserConnectionEnabled: false, browserName: chrome, chrome: {chromedriverVersion: 2.43.600229 (3fae4d0cda5334..., userDataDir: /var/folders/pn/xwlm4g2533q...}, cssSelectorsEnabled: true, databaseEnabled: false, goog:chromeOptions: {debuggerAddress: localhost:55713}, handlesAlerts: true, hasTouchScreen: false, javascriptEnabled: true, locationContextEnabled: true, mobileEmulationEnabled: false, nativeEvents: true, networkConnectionEnabled: false, pageLoadStrategy: normal, platform: MAC, platformName: MAC, rotatable: false, setWindowRect: true, takesHeapSnapshot: true, takesScreenshot: true, unexpectedAlertBehaviour: , unhandledPromptBehavior: , version: 71.0.3578.98, webStorageEnabled: true}
Session ID: e2db4820757ace1e19292008cba11223
	at sun.reflect.NativeConstructorAccessorImpl.newInstance0(Native Method)
	at sun.reflect.NativeConstructorAccessorImpl.newInstance(NativeConstructorAccessorImpl.java:62)
	at sun.reflect.DelegatingConstructorAccessorImpl.newInstance(DelegatingConstructorAccessorImpl.java:45)
	at java.lang.reflect.Constructor.newInstance(Constructor.java:423)
	at org.openqa.selenium.remote.ErrorHandler.createThrowable(ErrorHandler.java:214)
	at org.openqa.selenium.remote.ErrorHandler.throwIfResponseFailed(ErrorHandler.java:166)
	at org.openqa.selenium.remote.http.JsonHttpResponseCodec.reconstructValue(JsonHttpResponseCodec.java:40)
	at org.openqa.selenium.remote.http.AbstractHttpResponseCodec.decode(AbstractHttpResponseCodec.java:80)
	at org.openqa.selenium.remote.http.AbstractHttpResponseCodec.decode(AbstractHttpResponseCodec.java:44)
	at org.openqa.selenium.remote.HttpCommandExecutor.execute(HttpCommandExecutor.java:158)
	at org.openqa.selenium.remote.service.DriverCommandExecutor.execute(DriverCommandExecutor.java:83)
	at org.openqa.selenium.remote.RemoteWebDriver.execute(RemoteWebDriver.java:548)
	at org.openqa.selenium.remote.RemoteWebElement.execute(RemoteWebElement.java:276)
	at org.openqa.selenium.remote.RemoteWebElement.click(RemoteWebElement.java:83)
	at definitions.PredefinedStepDefs.iClickOnElementWithXpath(PredefinedStepDefs.java:98)
	at ✽.I click on element with xpath "//*[@name='btnK']"(src/test/resources/features/predefined.feature:10)
&amp#27;[0m
    &amp#27;[36mThen &amp#27;[0m&amp#27;[36mI wait for element with xpath "&amp#27;[0m&amp#27;[36m&amp#27;[1m(//a[@href]&amp#27;[0m&amp#27;[36m" to be present&amp#27;[0m                         &amp#27;[90m# PredefinedStepDefs.iWaitForElementWithXpathToBePresent(String)&amp#27;[0m
    &amp#27;[36mThen &amp#27;[0m&amp#27;[36melement with xpath "&amp#27;[0m&amp#27;[36m&amp#27;[1m//*[@id='ires']&amp#27;[0m&amp#27;[36m" should contain text "&amp#27;[0m&amp#27;[36m&amp#27;[1mCucumber&amp#27;[0m&amp#27;[36m"&amp#27;[0m               &amp#27;[90m# PredefinedStepDefs.elementWithXpathShouldContainText(String,String)&amp#27;[0m
]]></system-out>
    <system-err><![CDATA[Starting ChromeDriver 2.43.600229 (3fae4d0cda5334b4f533bede5a4787f7b832d052) on port 2859
Only local connections are allowed.
Dec 18, 2018 3:48:08 PM org.openqa.selenium.remote.ProtocolHandshake createSession
INFO: Detected dialect: OSS
]]></system-err>
  </testcase>
  <testcase name="Predefined steps for Yahoo" classname="Smoke steps" time="5.695"/>
  <testcase name="Submit required fields" classname="Smoke steps" time="2.723"/>
  <testcase name="Initial Java scenario" classname="Java Feature" time="0.976"/>
  <testcase name="Validate desktop UI behavior" classname="lab" time="2.28"/>
  <testcase name="User name" classname="lab" time="1.982"/>
  <testcase name="email" classname="lab" time="3.053">
    <failure message="expected:&lt;[tru]e&gt; but was:&lt;[fals]e&gt;" type="org.junit.ComparisonFailure"><![CDATA[org.junit.ComparisonFailure: expected:<[tru]e> but was:<[fals]e>
]]></failure>
    <system-out><![CDATA[
  @sample @sample3
  Scenario: email                                                                    &amp#27;[90m# src/test/resources/features/lab.feature:26&amp#27;[0m
    &amp#27;[32mGiven &amp#27;[0m&amp#27;[32mI open url "&amp#27;[0m&amp#27;[32m&amp#27;[1mhttps://skryabin.com/webdriver/html/sample.html&amp#27;[0m&amp#27;[32m"&amp#27;[0m               &amp#27;[90m# PredefinedStepDefs.iOpenUrl(String)&amp#27;[0m
    &amp#27;[32mWhen &amp#27;[0m&amp#27;[32mI type "&amp#27;[0m&amp#27;[32m&amp#27;[1mbatman@gotham.com&amp#27;[0m&amp#27;[32m" into element with xpath "&amp#27;[0m&amp#27;[32m&amp#27;[1m//input[@name='email']&amp#27;[0m&amp#27;[32m"&amp#27;[0m &amp#27;[90m# PredefinedStepDefs.iTypeIntoElementWithXpath(String,String)&amp#27;[0m
    &amp#27;[32mAnd &amp#27;[0m&amp#27;[32mI click on element with xpath "&amp#27;[0m&amp#27;[32m&amp#27;[1m//input[@name='password']&amp#27;[0m&amp#27;[32m"&amp#27;[0m                    &amp#27;[90m# PredefinedStepDefs.iClickOnElementWithXpath(String)&amp#27;[0m
    &amp#27;[32mThen &amp#27;[0m&amp#27;[32melement with xpath "&amp#27;[0m&amp#27;[32m&amp#27;[1m//*[@id='email-error']&amp#27;[0m&amp#27;[32m" should not be present&amp#27;[0m           &amp#27;[90m# PredefinedStepDefs.elementWithXpathShouldNotBePresent(String)&amp#27;[0m
    &amp#27;[32mWhen &amp#27;[0m&amp#27;[32mI type "&amp#27;[0m&amp#27;[32m&amp#27;[1mi.c&amp#27;[0m&amp#27;[32m" into element with xpath "&amp#27;[0m&amp#27;[32m&amp#27;[1m//input[@name='email']&amp#27;[0m&amp#27;[32m"&amp#27;[0m               &amp#27;[90m# PredefinedStepDefs.iTypeIntoElementWithXpath(String,String)&amp#27;[0m
    &amp#27;[32mAnd &amp#27;[0m&amp#27;[32mI click on element with xpath "&amp#27;[0m&amp#27;[32m&amp#27;[1m//input[@name='password']&amp#27;[0m&amp#27;[32m"&amp#27;[0m                    &amp#27;[90m# PredefinedStepDefs.iClickOnElementWithXpath(String)&amp#27;[0m
    &amp#27;[31mThen &amp#27;[0m&amp#27;[31melement with xpath "&amp#27;[0m&amp#27;[31m&amp#27;[1m//*[@id='email-error']&amp#27;[0m&amp#27;[31m" should be displayed&amp#27;[0m             &amp#27;[90m# PredefinedStepDefs.elementWithXpathShouldBeDisplayed(String)&amp#27;[0m
      &amp#27;[31morg.junit.ComparisonFailure: expected:<[tru]e> but was:<[fals]e>
	at sun.reflect.NativeConstructorAccessorImpl.newInstance0(Native Method)
	at sun.reflect.NativeConstructorAccessorImpl.newInstance(NativeConstructorAccessorImpl.java:62)
	at sun.reflect.DelegatingConstructorAccessorImpl.newInstance(DelegatingConstructorAccessorImpl.java:45)
	at definitions.PredefinedStepDefs.elementWithXpathShouldBeDisplayed(PredefinedStepDefs.java:63)
	at ✽.element with xpath "//*[@id='email-error']" should be displayed(src/test/resources/features/lab.feature:34)
&amp#27;[0m
]]></system-out>
    <system-err><![CDATA[Starting ChromeDriver 2.43.600229 (3fae4d0cda5334b4f533bede5a4787f7b832d052) on port 1867
Only local connections are allowed.
Dec 18, 2018 3:47:50 PM org.openqa.selenium.remote.ProtocolHandshake createSession
INFO: Detected dialect: OSS
]]></system-err>
  </testcase>
  <testcase name="password" classname="lab" time="2.016"/>
  <testcase name="Name dialog" classname="lab" time="2.257"/>
  <testcase name="Required privacy" classname="lab" time="1.987"/>
  <testcase name="Optional items to enter" classname="lab" time="2.311"/>
  <testcase name="Submit required fields" classname="lab" time="2.942"/>
  <testcase name="datepicker" classname="lab" time="2.262"/>
  <testcase name="iframes" classname="lab" time="2.048"/>
  <testcase name="Predefined steps for yahoo" classname="Smoke steps" time="5.599"/>
  <testcase name="Predefined steps for bing" classname="Smoke steps" time="2.855"/>
  <testcase name="Predefined steps for duckduckgo" classname="Smoke steps" time="2.762"/>
  <testcase name="Predefined steps for swisscows" classname="Smoke steps" time="4.341"/>
  <testcase name="Predefined steps for searchencrypt" classname="Smoke steps" time="4.635"/>
</testsuite>